<?xml version="1.0" encoding="UTF-8"?>
<!-- Generated by org.testng.reporters.JUnitReportReporter -->
<testsuite skipped="0" hostname="lgvn181040" name="RailWay.BookTicketTest" tests="1" failures="0" timestamp="22 Jan 2019 06:40:50 GMT" time="22.742" errors="0">
  <testcase name="precondition" time="22.742" classname="RailWay.BookTicketTest"/>
</testsuite> <!-- RailWay.BookTicketTest -->
