<?xml version="1.0" encoding="UTF-8"?>
<!-- Generated by org.testng.reporters.JUnitReportReporter -->
<testsuite skipped="0" hostname="Hayabusa" name="com.logigear.test.ta_dashboard.testcases.DataProfileTest" tests="1" failures="0" timestamp="01 thg 7 2019 13:27:49 GMT" time="20.778" errors="0">
  <testcase name="TC_DA_DP_TC097" time="20.778" classname="com.logigear.test.ta_dashboard.testcases.DataProfileTest"/>
</testsuite> <!-- com.logigear.test.ta_dashboard.testcases.DataProfileTest -->
